<?xml version="1.0" encoding="UTF-8"?>
<!-- Generated by org.testng.reporters.JUnitXMLReporter -->
<testsuite ignored="0" hostname="LAPTOP-2IAJ3IVI" failures="0" tests="3" name="Test" time="38.166" errors="0" timestamp="2020-03-17T20:54:23 EDT">
  <testcase classname="mytest.HomePage" name="startingbrowser" time="13.587"/>
  <testcase classname="mytest.HomePage" name="startingbrowser" time="5.709"/>
  <testcase classname="mytest.validationtitle" name="startingbrowser" time="11.188"/>
</testsuite> <!-- Test -->
